android/build/intermediates/manifest_merge_blame_file/mlkitDebug/manifest-merger-blame-mlkit-debug-report.txt
1<?xml version="1.0" encoding="utf-8"?>
2<manifest xmlns:android="http://schemas.android.com/apk/res/android"
3    package="org.reactnative.camera" >
4
5    <uses-sdk
6        android:minSdkVersion="16"
6-->src/main/AndroidManifest.xml
7        android:targetSdkVersion="29" />
7-->src/main/AndroidManifest.xml
8
9    <uses-permission android:name="android.permission.CAMERA" />
9-->src/main/AndroidManifest.xml:2:3-63
9-->src/main/AndroidManifest.xml:2:20-60
10    <uses-permission android:name="android.permission.WRITE_EXTERNAL_STORAGE" />
10-->src/main/AndroidManifest.xml:3:3-79
10-->src/main/AndroidManifest.xml:3:20-76
11    <uses-permission android:name="android.permission.READ_EXTERNAL_STORAGE" />
11-->src/main/AndroidManifest.xml:4:3-78
11-->src/main/AndroidManifest.xml:4:20-75
12
13    <uses-feature
13-->src/main/AndroidManifest.xml:6:3-83
14        android:name="android.hardware.camera"
14-->src/main/AndroidManifest.xml:6:17-55
15        android:required="false" />
15-->src/main/AndroidManifest.xml:6:56-80
16    <uses-feature
16-->src/main/AndroidManifest.xml:7:3-93
17        android:name="android.hardware.camera.autofocus"
17-->src/main/AndroidManifest.xml:7:17-65
18        android:required="false" />
18-->src/main/AndroidManifest.xml:7:66-90
19
20</manifest>